Loading 'brms' package (version 2.8.0). Useful instructions
can be found by typing help('brms'). A more detailed introduction
to the package is available through vignette('brms_overview').
Start sampling
Start sampling
Start sampling
Start sampling
Start sampling
Start sampling
Start sampling



SAMPLINGSAMPLINGSAMPLING FOR MODEL ' FOR MODEL ' FOR MODEL '472717ec179ae18feaf62d39780c2990472717ec179ae18feaf62d39780c2990472717ec179ae18feaf62d39780c2990' NOW (CHAIN ' NOW (CHAIN ' NOW (CHAIN 111).
).
).

SAMPLING
 FOR MODEL '
SAMPLING472717ec179ae18feaf62d39780c2990SAMPLING FOR MODEL '' NOW (CHAIN  FOR MODEL '472717ec179ae18feaf62d39780c2990472717ec179ae18feaf62d39780c2990' NOW (CHAIN ' NOW (CHAIN 1).
11).
).
Chain 1: 
Chain 1: Chain 1
: Gradient evaluation took 0 seconds
Chain 1: 1000 transitions using 10 leapfrog steps per transition would take 0 seconds.
Chain Chain 11: : Gradient evaluation took 0 secondsAdjust your expectations accordingly!

Chain Chain Chain 111: : : 

1000 transitions using 10 leapfrog steps per transition would take 0 seconds.Chain 
1Chain : 1
: Adjust your expectations accordingly!
Chain Chain 11: : Gradient evaluation took 0 seconds

Chain 1: Chain 
1: 1000 transitions using 10 leapfrog steps per transition would take 0 seconds.
Chain 1: Adjust your expectations accordingly!
Chain 1: 
Chain 1: 
Chain 1: 
Chain 1: Gradient evaluation took 0 seconds
Chain 1: 1000 transitions using 10 leapfrog steps per transition would take 0 seconds.
Chain 1: Adjust your expectations accordingly!
Chain 1: 
Chain 1: 
Chain 1: Chain 
1: 
Chain 1: Chain Gradient evaluation took 0 seconds1
: Gradient evaluation took 0 seconds
Chain 1: Chain 1000 transitions using 10 leapfrog steps per transition would take 0 seconds.1
: Chain 1000 transitions using 10 leapfrog steps per transition would take 0 seconds.1
: Chain Adjust your expectations accordingly!1
: Chain Adjust your expectations accordingly!1
: Chain 
1Chain : 1
: Chain 
1: 
Chain 1: Iteration:    1 / 4000 [  0%]  (Warmup)
Chain 1: Iteration:    1 / 4000 [  0%]  (Warmup)
Chain 1: Iteration:    1 / 4000 [  0%]  (Warmup)
Chain 1: Iteration:    1 / 4000 [  0%]  (Warmup)
Chain 1: Iteration:    1 / 4000 [  0%]  (Warmup)
Chain 1: Iteration:    1 / 4000 [  0%]  (Warmup)

SAMPLING FOR MODEL '472717ec179ae18feaf62d39780c2990' NOW (CHAIN 1).
Chain 1: 
Chain 1: Gradient evaluation took 0 seconds
Chain 1: 1000 transitions using 10 leapfrog steps per transition would take 0 seconds.
Chain 1: Adjust your expectations accordingly!
Chain 1: 
Chain 1: 
Chain 1: Iteration:    1 / 4000 [  0%]  (Warmup)
Chain 1: Iteration:  400 / 4000 [ 10%]  (Warmup)
Chain 1: Iteration:  400 / 4000 [ 10%]  (Warmup)
Chain 1: Iteration:  400 / 4000 [ 10%]  (Warmup)
Chain 1: Iteration:  400 / 4000 [ 10%]  (Warmup)
Chain 1: Iteration:  400 / 4000 [ 10%]  (Warmup)
Chain 1: Iteration:  400 / 4000 [ 10%]  (Warmup)
Chain 1: Iteration:  400 / 4000 [ 10%]  (Warmup)
Chain 1: Iteration:  800 / 4000 [ 20%]  (Warmup)
Chain 1: Iteration:  800 / 4000 [ 20%]  (Warmup)
Chain 1: Iteration:  800 / 4000 [ 20%]  (Warmup)
Chain 1: Iteration:  800 / 4000 [ 20%]  (Warmup)
Chain 1: Iteration:  800 / 4000 [ 20%]  (Warmup)
Chain 1: Iteration:  800 / 4000 [ 20%]  (Warmup)
Chain 1: Iteration:  800 / 4000 [ 20%]  (Warmup)
Chain 1: Iteration: 1200 / 4000 [ 30%]  (Warmup)
Chain 1: Iteration: 1200 / 4000 [ 30%]  (Warmup)
Chain 1: Iteration: 1200 / 4000 [ 30%]  (Warmup)
Chain 1: Iteration: 1200 / 4000 [ 30%]  (Warmup)
Chain 1: Iteration: 1200 / 4000 [ 30%]  (Warmup)
Chain 1: Iteration: 1200 / 4000 [ 30%]  (Warmup)
Chain 1: Iteration: 1200 / 4000 [ 30%]  (Warmup)
Chain 1: Iteration: 1600 / 4000 [ 40%]  (Warmup)
Chain 1: Iteration: 1600 / 4000 [ 40%]  (Warmup)
Chain 1: Iteration: 1600 / 4000 [ 40%]  (Warmup)
Chain 1: Iteration: 1600 / 4000 [ 40%]  (Warmup)
Chain 1: Iteration: 1600 / 4000 [ 40%]  (Warmup)
Chain 1: Iteration: 1600 / 4000 [ 40%]  (Warmup)
Chain 1: Iteration: 1600 / 4000 [ 40%]  (Warmup)
Chain 1: Iteration: 2000 / 4000 [ 50%]  (Warmup)
Chain 1: Iteration: 2001 / 4000 [ 50%]  (Sampling)
Chain 1: Iteration: 2000 / 4000 [ 50%]  (Warmup)
Chain 1: Iteration: 2001 / 4000 [ 50%]  (Sampling)
Chain 1: Iteration: 2000 / 4000 [ 50%]  (Warmup)
Chain 1: Iteration: 2001 / 4000 [ 50%]  (Sampling)
Chain 1: Iteration: 2000 / 4000 [ 50%]  (Warmup)
Chain 1: Iteration: 2001 / 4000 [ 50%]  (Sampling)
Chain 1: Iteration: 2000 / 4000 [ 50%]  (Warmup)
Chain 1: Iteration: 2001 / 4000 [ 50%]  (Sampling)
Chain 1: Iteration: 2000 / 4000 [ 50%]  (Warmup)
Chain 1: Iteration: 2001 / 4000 [ 50%]  (Sampling)
Chain 1: Iteration: 2000 / 4000 [ 50%]  (Warmup)
Chain 1: Iteration: 2001 / 4000 [ 50%]  (Sampling)
Chain 1: Iteration: 2400 / 4000 [ 60%]  (Sampling)
Chain 1: Iteration: 2400 / 4000 [ 60%]  (Sampling)
Chain 1: Iteration: 2400 / 4000 [ 60%]  (Sampling)
Chain 1: Iteration: 2400 / 4000 [ 60%]  (Sampling)
Chain 1: Iteration: 2400 / 4000 [ 60%]  (Sampling)
Chain 1: Iteration: 2400 / 4000 [ 60%]  (Sampling)
Chain 1: Iteration: 2400 / 4000 [ 60%]  (Sampling)
Chain 1: Iteration: 2800 / 4000 [ 70%]  (Sampling)
Chain 1: Iteration: 2800 / 4000 [ 70%]  (Sampling)
Chain 1: Iteration: 2800 / 4000 [ 70%]  (Sampling)
Chain 1: Iteration: 2800 / 4000 [ 70%]  (Sampling)
Chain 1: Iteration: 2800 / 4000 [ 70%]  (Sampling)
Chain 1: Iteration: 2800 / 4000 [ 70%]  (Sampling)
Chain 1: Iteration: 2800 / 4000 [ 70%]  (Sampling)
Chain 1: Iteration: 3200 / 4000 [ 80%]  (Sampling)
Chain 1: Iteration: 3200 / 4000 [ 80%]  (Sampling)
Chain 1: Iteration: 3200 / 4000 [ 80%]  (Sampling)
Chain 1: Iteration: 3200 / 4000 [ 80%]  (Sampling)
Chain 1: Iteration: 3200 / 4000 [ 80%]  (Sampling)
Chain 1: Iteration: 3200 / 4000 [ 80%]  (Sampling)
Chain 1: Iteration: 3200 / 4000 [ 80%]  (Sampling)
Chain 1: Iteration: 3600 / 4000 [ 90%]  (Sampling)
Chain 1: Iteration: 3600 / 4000 [ 90%]  (Sampling)
Chain 1: Iteration: 3600 / 4000 [ 90%]  (Sampling)
Chain 1: Iteration: 3600 / 4000 [ 90%]  (Sampling)
Chain 1: Iteration: 3600 / 4000 [ 90%]  (Sampling)
Chain 1: Iteration: 3600 / 4000 [ 90%]  (Sampling)
Chain 1: Iteration: 3600 / 4000 [ 90%]  (Sampling)
Chain 1: Iteration: 4000 / 4000 [100%]  (Sampling)
Chain 1: 
Chain 1:  Elapsed Time: 2.8 seconds (Warm-up)
Chain 1:                2.37 seconds (Sampling)
Chain 1:                5.17 seconds (Total)
Chain 1: 
Chain 1: Iteration: 4000 / 4000 [100%]  (Sampling)
Chain 1: 
Chain 1:  Elapsed Time: 2.88 seconds (Warm-up)
Chain 1:                2.35 seconds (Sampling)
Chain 1:                5.23 seconds (Total)
Chain 1: 
Chain 1: Iteration: 4000 / 4000 [100%]  (Sampling)
Chain 1: 
Chain 1:  Elapsed Time: 2.76 seconds (Warm-up)
Chain 1:                2.5 seconds (Sampling)
Chain 1:                5.26 seconds (Total)
Chain 1: 
Chain 1: Iteration: 4000 / 4000 [100%]  (Sampling)
Chain 1: 
Chain 1:  Elapsed Time: 2.82 seconds (Warm-up)
Chain 1:                2.45 seconds (Sampling)
Chain 1:                5.27 seconds (Total)
Chain 1: 
Chain 1: Iteration: 4000 / 4000 [100%]  (Sampling)
Chain 1: 
Chain 1:  Elapsed Time: 2.95 seconds (Warm-up)
Chain 1:                2.35 seconds (Sampling)
Chain 1:                5.3 seconds (Total)
Chain 1: 
Chain 1: Iteration: 4000 / 4000 [100%]  (Sampling)
Chain 1: 
Chain 1:  Elapsed Time: 2.86 seconds (Warm-up)
Chain 1:                2.39 seconds (Sampling)
Chain 1:                5.25 seconds (Total)
Chain 1: 
Chain 1: Iteration: 4000 / 4000 [100%]  (Sampling)
Chain 1: 
Chain 1:  Elapsed Time: 2.87 seconds (Warm-up)
Chain 1:                2.51 seconds (Sampling)
Chain 1:                5.38 seconds (Total)
Chain 1: 
